<?xml version="1.0" encoding="UTF-8"?>
<!-- Generated by org.testng.reporters.JUnitXMLReporter -->
<testsuite ignored="0" hostname="DESKTOP-USOG18P" failures="1" tests="1" name="titlevalidate" time="20.882" errors="0" timestamp="2019-10-22T15:15:40 EDT">
  <testcase classname="Academy.validatingTitle" name="browserInvoke" time="0.193">
    <failure type="java.lang.AssertionError" message="expected [FEATURD COURSES] but found [FEATURED COURSES]">
      <![CDATA[java.lang.AssertionError: expected [FEATURD COURSES] but found [FEATURED COURSES]
at Academy.validatingTitle.browserInvoke(validatingTitle.java:36)
at java.base/java.util.ArrayList.forEach(ArrayList.java:1540)
... Removed 36 stack frames]]>
    </failure>
  </testcase> <!-- browserInvoke -->
</testsuite> <!-- titlevalidate -->
