<?xml version="1.0" encoding="UTF-8"?>
<testsuite xmlns:xsi="http://www.w3.org/2001/XMLSchema-instance" xsi:noNamespaceSchemaLocation="https://maven.apache.org/surefire/maven-surefire-plugin/xsd/surefire-test-report-3.0.xsd" version="3.0" name="TestSuite" time="71.228" tests="4" errors="0" skipped="0" failures="1">
  <properties>
[...]
</properties>
  <testcase name="browserInvoke" classname="Academy.validatingNavigationbar" time="0.174"/>
  <testcase name="browserInvoke" classname="Academy.homepage" time="17.918"/>
  <testcase name="browserInvoke" classname="Academy.homepage" time="5.91"/>
  <testcase name="browserInvoke" classname="Academy.validatingTitle" time="0.202">
    <failure message="expected [FEATURD COURSES] but found [FEATURED COURSES]" type="java.lang.AssertionError">java.lang.AssertionError: expected [FEATURD COURSES] but found [FEATURED COURSES]
	at Academy.validatingTitle.browserInvoke(validatingTitle.java:36)
</failure>
    <system-out><![CDATA[FEATURED COURSES
]]></system-out>
    <system-err><![CDATA[Starting ChromeDriver 77.0.3865.40 (f484704e052e0b556f8030b65b953dce96503217-refs/branch-heads/3865@{#442}) on port 7596
Only local connections are allowed.
Please protect ports used by ChromeDriver and related test frameworks to prevent access by malicious code.
Oct 22, 2019 3:15:22 PM org.openqa.selenium.remote.ProtocolHandshake createSession
INFO: Detected dialect: W3C
]]></system-err>
  </testcase>
</testsuite>