-------------------------------------------------------------------------------
Test set: TestSuite
-------------------------------------------------------------------------------
Tests run: 4, Failures: 1, Errors: 0, Skipped: 0, Time elapsed: 71.228 s <<< FAILURE! - in TestSuite
browserInvoke(Academy.validatingTitle)  Time elapsed: 0.202 s  <<< FAILURE!
java.lang.AssertionError: expected [FEATURD COURSES] but found [FEATURED COURSES]
	at Academy.validatingTitle.browserInvoke(validatingTitle.java:36)

