<?xml version="1.0" encoding="UTF-8"?>
<!-- Generated by org.testng.reporters.JUnitXMLReporter -->
<testsuite ignored="0" hostname="DESKTOP-USOG18P" failures="1" tests="1" name="titlevalidate" time="10.996" errors="0" timestamp="15 Oct 2019 21:06:48 GMT">
  <testcase classname="Academy.validatingTitle" name="browserInvoke" time="0.121">
    <failure type="java.lang.AssertionError" message="expected [FEATURD COURSES] but found [FEATURED COURSES]">
      <![CDATA[java.lang.AssertionError: expected [FEATURD COURSES] but found [FEATURED COURSES]
at Academy.validatingTitle.browserInvoke(validatingTitle.java:36)
... Removed 31 stack frames]]>
    </failure>
  </testcase> <!-- browserInvoke -->
</testsuite> <!-- titlevalidate -->
